2023.03.17 12:20:46 INFO  Started: Metals version 0.11.11 in workspace 'C:\Users\emmam\ScalaTest' for client Visual Studio Code 1.76.2.
SLF4J: No SLF4J providers were found.
SLF4J: Defaulting to no-operation (NOP) logger implementation
SLF4J: See https://www.slf4j.org/codes.html#noProviders for further details.
SLF4J: Class path contains SLF4J bindings targeting slf4j-api versions 1.7.x or earlier.
SLF4J: Ignoring binding found at [jar:file:/C:/Users/emmam/AppData/Local/Coursier/cache/v1/https/repo1.maven.org/maven2/com/outr/scribe-slf4j_2.13/3.11.0/scribe-slf4j_2.13-3.11.0.jar!/org/slf4j/impl/StaticLoggerBinder.class]
SLF4J: See https://www.slf4j.org/codes.html#ignoredBindings for an explanation.
2023.03.17 12:20:47 INFO  time: initialize in 0.79s
2023.03.17 12:20:49 WARN  Build server is not auto-connectable.
2023.03.17 12:20:49 WARN  no build target for: C:\Users\emmam\ScalaTest\build.sbt
2023.03.17 12:20:53 INFO  no build target found for C:\Users\emmam\ScalaTest\build.sbt. Using presentation compiler with project's scala-library version: 3.2.2
2023.03.17 12:20:56 INFO  time: code lens generation in 5.98s
2023.03.17 12:21:00 WARN  no build target for: C:\Users\emmam\ScalaTest\src\main\scala\ScalatestingStyles.scala
2023.03.17 12:21:18 WARN  no build target for: C:\Users\emmam\ScalaTest\src\test\scala\ScalatestingStyles.scala
2023.03.17 12:21:42 WARN  no build target for: C:\Users\emmam\ScalaTest\src\test\scala\ScalatestingStyles copy.scala
2023.03.17 12:21:52 WARN  no build target for: C:\Users\emmam\ScalaTest\src\main\scala\ScalatestingStyles.scala
2023.03.17 12:22:00 WARN  no build target for: C:\Users\emmam\ScalaTest\src\test\scala\ScalatestingStyles.scala
Mar 17, 2023 12:22:42 PM org.eclipse.lsp4j.jsonrpc.RemoteEndpoint handleCancellation
WARNING: Unmatched cancel notification for request id 153
2023.03.17 12:22:55 WARN  no build target for: C:\Users\emmam\ScalaTest\src\test\scala\ScalatestingStyles.scala
Mar 17, 2023 12:22:55 PM org.eclipse.lsp4j.jsonrpc.RemoteEndpoint handleCancellation
WARNING: Unmatched cancel notification for request id 184
2023.03.17 12:22:55 WARN  no build target for: C:\Users\emmam\ScalaTest\src\test\scala\ScalatestingStyles.scala
2023.03.17 12:22:58 WARN  no build target for: C:\Users\emmam\ScalaTest\build.sbt
2023.03.17 12:23:23 WARN  no build target for: C:\Users\emmam\ScalaTest\build.sbt
2023.03.17 14:49:56 INFO  time: code lens generation in 2.51s
2023.03.17 14:50:17 INFO  Shutting down server
2023.03.17 14:50:17 INFO  shutting down Metals
2023.03.17 14:50:17 INFO  Exiting server
